2015-04-10 11:53:30.295 HelloWorld[2787:234995] DiskCookieStorage changing policy from 2 to 0, cookie file: file:///Users/SoheilSk/Library/Developer/CoreSimulator/Devices/0348513A-995A-424E-888A-D1A1022B47D5/data/Containers/Data/Application/4CF770ED-B51E-4699-AEA1-D844C5E7F42F/Library/Cookies/Cookies.binarycookies
2015-04-10 11:53:30.586 HelloWorld[2787:234995] Apache Cordova native platform version 3.8.0 is starting.
2015-04-10 11:53:30.587 HelloWorld[2787:234995] Multi-tasking -> Device: YES, App: YES
2015-04-10 11:53:30.603 HelloWorld[2787:234995] Unlimited access to network resources
2015-04-10 11:53:30.613 HelloWorld[2787:234995] 

Started backup to iCloud! Please be careful.
Your application might be rejected by Apple if you store too much data.
For more information please read "iOS Data Storage Guidelines" at:
https://developer.apple.com/icloud/documentation/data-storage/
To disable web storage backup to iCloud, set the BackupWebStorage preference to "local" in the Cordova config.xml file

2015-04-10 11:53:31.488 HelloWorld[2787:234995] Resetting plugins due to page load.
2015-04-10 11:53:31.625 HelloWorld[2787:234995] Finished load of: file:///Users/SoheilSk/Library/Developer/CoreSimulator/Devices/0348513A-995A-424E-888A-D1A1022B47D5/data/Containers/Bundle/Application/27416BDF-967D-472E-BA70-2CF378FCF771/HelloWorld.app/www/index.html
2015-04-10 11:53:55.342 HelloWorld[2842:235617] DiskCookieStorage changing policy from 2 to 0, cookie file: file:///Users/SoheilSk/Library/Developer/CoreSimulator/Devices/0348513A-995A-424E-888A-D1A1022B47D5/data/Containers/Data/Application/1A9EFA8A-6869-4E82-B83B-1C39D85EFF5B/Library/Cookies/Cookies.binarycookies
2015-04-10 11:53:55.408 HelloWorld[2842:235617] Apache Cordova native platform version 3.8.0 is starting.
2015-04-10 11:53:55.409 HelloWorld[2842:235617] Multi-tasking -> Device: YES, App: YES
2015-04-10 11:53:55.410 HelloWorld[2842:235617] Unlimited access to network resources
2015-04-10 11:53:55.413 HelloWorld[2842:235617] 

Started backup to iCloud! Please be careful.
Your application might be rejected by Apple if you store too much data.
For more information please read "iOS Data Storage Guidelines" at:
https://developer.apple.com/icloud/documentation/data-storage/
To disable web storage backup to iCloud, set the BackupWebStorage preference to "local" in the Cordova config.xml file

2015-04-10 11:53:55.556 HelloWorld[2842:235617] Resetting plugins due to page load.
2015-04-10 11:53:55.595 HelloWorld[2842:235617] Finished load of: file:///Users/SoheilSk/Library/Developer/CoreSimulator/Devices/0348513A-995A-424E-888A-D1A1022B47D5/data/Containers/Bundle/Application/41ADBB31-40ED-458C-9D57-70E4FD4D0F62/HelloWorld.app/www/index.html
